0 info it worked if it ends with ok
1 verbose cli [ '/usr/local/Cellar/node/8.1.4/bin/node',
1 verbose cli   '/Users/megan/Desktop/Personal Website/node_modules/.bin/npm',
1 verbose cli   'run',
1 verbose cli   'build-watch' ]
2 info using npm@3.10.10
3 info using node@v8.1.4
4 warn invalid config loglevel="notice"
5 verbose run-script [ 'prebuild-watch', 'build-watch', 'postbuild-watch' ]
6 info lifecycle leaf@1.0.0~prebuild-watch: leaf@1.0.0
7 silly lifecycle leaf@1.0.0~prebuild-watch: no script for prebuild-watch, continuing
8 info lifecycle leaf@1.0.0~build-watch: leaf@1.0.0
9 verbose lifecycle leaf@1.0.0~build-watch: unsafe-perm in lifecycle true
10 verbose lifecycle leaf@1.0.0~build-watch: PATH: /Users/megan/Desktop/Personal Website/node_modules/npm/bin/node-gyp-bin:/Users/megan/Desktop/Personal Website/node_modules/.bin:/usr/local/Cellar/node/8.1.4/bin:/usr/local/lib/node_modules/npm/bin/node-gyp-bin:/Users/megan/Desktop/Personal Website/node_modules/.bin:/usr/local/bin:/usr/bin:/bin:/usr/sbin:/sbin
11 verbose lifecycle leaf@1.0.0~build-watch: CWD: /Users/megan/Desktop/Personal Website
12 silly lifecycle leaf@1.0.0~build-watch: Args: [ '-c', 'webpack -w' ]
13 silly lifecycle leaf@1.0.0~build-watch: Returned: code: 1  signal: null
14 info lifecycle leaf@1.0.0~build-watch: Failed to exec build-watch script
15 verbose stack Error: leaf@1.0.0 build-watch: `webpack -w`
15 verbose stack Exit status 1
15 verbose stack     at EventEmitter.<anonymous> (/Users/megan/Desktop/Personal Website/node_modules/npm/lib/utils/lifecycle.js:255:16)
15 verbose stack     at emitTwo (events.js:125:13)
15 verbose stack     at EventEmitter.emit (events.js:213:7)
15 verbose stack     at ChildProcess.<anonymous> (/Users/megan/Desktop/Personal Website/node_modules/npm/lib/utils/spawn.js:40:14)
15 verbose stack     at emitTwo (events.js:125:13)
15 verbose stack     at ChildProcess.emit (events.js:213:7)
15 verbose stack     at maybeClose (internal/child_process.js:897:16)
15 verbose stack     at Process.ChildProcess._handle.onexit (internal/child_process.js:208:5)
16 verbose pkgid leaf@1.0.0
17 verbose cwd /Users/megan/Desktop/Personal Website
18 error Darwin 16.6.0
19 error argv "/usr/local/Cellar/node/8.1.4/bin/node" "/Users/megan/Desktop/Personal Website/node_modules/.bin/npm" "run" "build-watch"
20 error node v8.1.4
21 error npm  v3.10.10
22 error code ELIFECYCLE
23 error leaf@1.0.0 build-watch: `webpack -w`
23 error Exit status 1
24 error Failed at the leaf@1.0.0 build-watch script 'webpack -w'.
24 error Make sure you have the latest version of node.js and npm installed.
24 error If you do, this is most likely a problem with the leaf package,
24 error not with npm itself.
24 error Tell the author that this fails on your system:
24 error     webpack -w
24 error You can get information on how to open an issue for this project with:
24 error     npm bugs leaf
24 error Or if that isn't available, you can get their info via:
24 error     npm owner ls leaf
24 error There is likely additional logging output above.
25 verbose exit [ 1, true ]
